<?xml version="1.0" encoding="UTF-8"?>
<!-- Generated by org.testng.reporters.JUnitReportReporter -->
<testsuite hostname="LIN-5CD5329MXQ" failures="0" tests="1" name="new1.NewTest" time="0.013" errors="0" timestamp="2025-10-15T15:41:07 IST" skipped="0">
  <testcase classname="new1.NewTest" name="display" time="0.013"/>
</testsuite> <!-- new1.NewTest -->
