<?xml version="1.0" encoding="UTF-8"?>
<!-- Generated by org.testng.reporters.JUnitReportReporter -->
<testsuite hostname="LIN-5CD5329MXQ" failures="0" tests="3" name="new1.Oct1" time="9.352" errors="0" timestamp="2025-10-17T16:42:37 IST" skipped="0">
  <testcase classname="new1.Oct1" name="loginTc" time="2.062"/>
  <testcase classname="new1.Oct1" name="loginTc" time="4.769"/>
  <testcase classname="new1.Oct1" name="loginTc" time="2.521"/>
</testsuite> <!-- new1.Oct1 -->
