<?xml version="1.0" encoding="UTF-8"?>
<!-- Generated by org.testng.reporters.JUnitReportReporter -->
<testsuite hostname="LIN-5CD5329MXQ" failures="0" tests="6" name="new1.groups_demo" time="0.017" errors="0" timestamp="2025-10-17T10:24:12 IST" skipped="0">
  <testcase classname="new1.groups_demo" name="D" time="0.001"/>
  <testcase classname="new1.groups_demo" name="B" time="0.001"/>
  <testcase classname="new1.groups_demo" name="C" time="0.001"/>
  <testcase classname="new1.groups_demo" name="F" time="0.001"/>
  <testcase classname="new1.groups_demo" name="A" time="0.012"/>
  <testcase classname="new1.groups_demo" name="E" time="0.001"/>
</testsuite> <!-- new1.groups_demo -->
