<?xml version="1.0" encoding="UTF-8"?>
<!-- Generated by org.testng.reporters.JUnitReportReporter -->
<testsuite hostname="LIN-5CD5329MXQ" failures="0" tests="1" name="new1.Oct" time="1.525" errors="0" timestamp="2025-10-17T09:49:12 IST" skipped="0">
  <testcase classname="new1.Oct" name="login" time="1.525"/>
</testsuite> <!-- new1.Oct -->
